生成启动时间为 2017/8/27 16:17:19。
     1>项目“D:\code\vs_code\practice\FileCompress\FileCompress\FileCompress.vcxproj”在节点 2 上(build 个目标)。
     1>InitializeBuildStatus:
         正在创建“Debug\FileCompress.unsuccessfulbuild”，因为已指定“AlwaysCreate”。
       ClCompile:
         C:\vs\VSlujing\VC\bin\CL.exe /c /ID:\code\vs_code\googletest\googletest\include /ZI /nologo /W3 /WX- /Od /Oy- /D WIN32 /D _DEBUG /D _CONSOLE /D _UNICODE /D UNICODE /Gm /EHsc /RTC1 /MTd /GS /fp:precise /Zc:wchar_t /Zc:forScope /Fo"Debug\\" /Fd"Debug\vc100.pdb" /Gd /TP /analyze- /errorReport:prompt test.cpp
         test.cpp
     1>d:\code\vs_code\practice\filecompress\filecompress\filecompress.h(52): warning C4996: 'fopen': This function or variable may be unsafe. Consider using fopen_s instead. To disable deprecation, use _CRT_SECURE_NO_WARNINGS. See online help for details.
                 c:\vs\vslujing\vc\include\stdio.h(234) : 参见“fopen”的声明
     1>d:\code\vs_code\practice\filecompress\filecompress\filecompress.h(87): warning C4996: 'fopen': This function or variable may be unsafe. Consider using fopen_s instead. To disable deprecation, use _CRT_SECURE_NO_WARNINGS. See online help for details.
                 c:\vs\vslujing\vc\include\stdio.h(234) : 参见“fopen”的声明
     1>d:\code\vs_code\practice\filecompress\filecompress\filecompress.h(150): warning C4996: 'fopen': This function or variable may be unsafe. Consider using fopen_s instead. To disable deprecation, use _CRT_SECURE_NO_WARNINGS. See online help for details.
                 c:\vs\vslujing\vc\include\stdio.h(234) : 参见“fopen”的声明
     1>d:\code\vs_code\practice\filecompress\filecompress\filecompress.h(159): warning C4996: 'fopen': This function or variable may be unsafe. Consider using fopen_s instead. To disable deprecation, use _CRT_SECURE_NO_WARNINGS. See online help for details.
                 c:\vs\vslujing\vc\include\stdio.h(234) : 参见“fopen”的声明
     1>d:\code\vs_code\practice\filecompress\filecompress\filecompress.h(207): warning C4996: 'fopen': This function or variable may be unsafe. Consider using fopen_s instead. To disable deprecation, use _CRT_SECURE_NO_WARNINGS. See online help for details.
                 c:\vs\vslujing\vc\include\stdio.h(234) : 参见“fopen”的声明
     1>d:\code\vs_code\practice\filecompress\filecompress\filecompress.h(216): warning C4244: “参数”: 从“LongType”转换到“int”，可能丢失数据
     1>d:\code\vs_code\practice\filecompress\filecompress\filecompress.h(216): warning C4996: '_itoa': This function or variable may be unsafe. Consider using _itoa_s instead. To disable deprecation, use _CRT_SECURE_NO_WARNINGS. See online help for details.
                 c:\vs\vslujing\vc\include\stdlib.h(451) : 参见“_itoa”的声明
     1>d:\code\vs_code\practice\filecompress\filecompress\filecompress.h(248): warning C4996: 'fopen': This function or variable may be unsafe. Consider using fopen_s instead. To disable deprecation, use _CRT_SECURE_NO_WARNINGS. See online help for details.
                 c:\vs\vslujing\vc\include\stdio.h(234) : 参见“fopen”的声明
     1>d:\code\vs_code\practice\filecompress\filecompress\test.cpp(116): warning C4996: 'fopen': This function or variable may be unsafe. Consider using fopen_s instead. To disable deprecation, use _CRT_SECURE_NO_WARNINGS. See online help for details.
                 c:\vs\vslujing\vc\include\stdio.h(234) : 参见“fopen”的声明
     1>d:\code\vs_code\practice\filecompress\filecompress\test.cpp(122): warning C4996: 'fopen': This function or variable may be unsafe. Consider using fopen_s instead. To disable deprecation, use _CRT_SECURE_NO_WARNINGS. See online help for details.
                 c:\vs\vslujing\vc\include\stdio.h(234) : 参见“fopen”的声明
     1>d:\code\vs_code\practice\filecompress\filecompress\test.cpp(165): warning C4996: 'fopen': This function or variable may be unsafe. Consider using fopen_s instead. To disable deprecation, use _CRT_SECURE_NO_WARNINGS. See online help for details.
                 c:\vs\vslujing\vc\include\stdio.h(234) : 参见“fopen”的声明
       Link:
         C:\vs\VSlujing\VC\bin\link.exe /ERRORREPORT:PROMPT /OUT:"D:\code\vs_code\practice\FileCompress\Debug\FileCompress.exe" /INCREMENTAL /NOLOGO /LIBPATH:D:\code\vs_code\googletest\lib gtestd.lib kernel32.lib user32.lib gdi32.lib winspool.lib comdlg32.lib advapi32.lib shell32.lib ole32.lib oleaut32.lib uuid.lib odbc32.lib odbccp32.lib /MANIFEST /ManifestFile:"Debug\FileCompress.exe.intermediate.manifest" /MANIFESTUAC:"level='asInvoker' uiAccess='false'" /DEBUG /PDB:"D:\code\vs_code\practice\FileCompress\Debug\FileCompress.pdb" /SUBSYSTEM:CONSOLE /TLBID:1 /DYNAMICBASE /NXCOMPAT /IMPLIB:"D:\code\vs_code\practice\FileCompress\Debug\FileCompress.lib" /MACHINE:X86 Debug\test.obj
         FileCompress.vcxproj -> D:\code\vs_code\practice\FileCompress\Debug\FileCompress.exe
       Manifest:
         C:\Program Files (x86)\Microsoft SDKs\Windows\v7.0A\bin\mt.exe /nologo /verbose /out:"D:\code\vs_code\practice\FileCompress\Debug\FileCompress.exe.manifest" /manifest Debug\FileCompress.exe.intermediate.manifest
       FinalizeBuildStatus:
         正在删除文件“Debug\FileCompress.unsuccessfulbuild”。
         正在对“Debug\FileCompress.lastbuildstate”执行 Touch 任务。
     1>已完成生成项目“D:\code\vs_code\practice\FileCompress\FileCompress\FileCompress.vcxproj”(build 个目标)的操作。

生成成功。

已用时间 00:00:11.25
