D:\CODE\VS_CODE\PRACTICE\FILECOMPRESS\DEBUG\FILECOMPRESS.EXE
D:\CODE\VS_CODE\PRACTICE\FILECOMPRESS\DEBUG\FILECOMPRESS.EXE.MANIFEST
D:\CODE\VS_CODE\PRACTICE\FILECOMPRESS\DEBUG\FILECOMPRESS.ILK
D:\CODE\VS_CODE\PRACTICE\FILECOMPRESS\DEBUG\FILECOMPRESS.PDB
D:\code\vs_code\practice\FileCompress\FileCompress\Debug\cl.command.1.tlog
D:\code\vs_code\practice\FileCompress\FileCompress\Debug\CL.read.1.tlog
D:\code\vs_code\practice\FileCompress\FileCompress\Debug\CL.write.1.tlog
D:\CODE\VS_CODE\PRACTICE\FILECOMPRESS\FILECOMPRESS\DEBUG\FILECOMPRESS.EXE.INTERMEDIATE.MANIFEST
D:\code\vs_code\practice\FileCompress\FileCompress\Debug\FileCompress.vcxprojResolveAssemblyReference.cache
D:\code\vs_code\practice\FileCompress\FileCompress\Debug\FileCompress.write.1.tlog
D:\code\vs_code\practice\FileCompress\FileCompress\Debug\link.3556.read.1.tlog
D:\code\vs_code\practice\FileCompress\FileCompress\Debug\link.3556.write.1.tlog
D:\code\vs_code\practice\FileCompress\FileCompress\Debug\link.command.1.tlog
D:\code\vs_code\practice\FileCompress\FileCompress\Debug\link.read.1.tlog
D:\code\vs_code\practice\FileCompress\FileCompress\Debug\link.write.1.tlog
D:\code\vs_code\practice\FileCompress\FileCompress\Debug\mt.command.1.tlog
D:\code\vs_code\practice\FileCompress\FileCompress\Debug\mt.read.1.tlog
D:\code\vs_code\practice\FileCompress\FileCompress\Debug\mt.write.1.tlog
D:\CODE\VS_CODE\PRACTICE\FILECOMPRESS\FILECOMPRESS\DEBUG\TEST.OBJ
D:\code\vs_code\practice\FileCompress\FileCompress\Debug\vc100.idb
D:\CODE\VS_CODE\PRACTICE\FILECOMPRESS\FILECOMPRESS\DEBUG\VC100.PDB
