生成启动时间为 2017/8/6 17:09:12。
     1>项目“D:\code\vs_code\shuati\day24_8-5\day24_8-5\day24_8-5.vcxproj”在节点 2 上(rebuild 个目标)。
     1>_PrepareForClean:
         正在删除文件“Debug\day24_8-5.lastbuildstate”。
       InitializeBuildStatus:
         正在创建“Debug\day24_8-5.unsuccessfulbuild”，因为已指定“AlwaysCreate”。
       ClCompile:
         C:\vs\VSlujing\VC\bin\CL.exe /c /ZI /nologo /W3 /WX- /Od /Oy- /D _MBCS /Gm /EHsc /RTC1 /MDd /GS /fp:precise /Zc:wchar_t /Zc:forScope /Fo"Debug\\" /Fd"Debug\vc100.pdb" /Gd /TP /analyze- /errorReport:prompt test.cpp
         test.cpp
       Link:
         C:\vs\VSlujing\VC\bin\link.exe /ERRORREPORT:PROMPT /OUT:"D:\code\vs_code\shuati\day24_8-5\Debug\day24_8-5.exe" /NOLOGO kernel32.lib user32.lib gdi32.lib winspool.lib comdlg32.lib advapi32.lib shell32.lib ole32.lib oleaut32.lib uuid.lib odbc32.lib odbccp32.lib /MANIFEST /ManifestFile:"Debug\day24_8-5.exe.intermediate.manifest" /MANIFESTUAC:"level='asInvoker' uiAccess='false'" /DEBUG /PDB:"D:\code\vs_code\shuati\day24_8-5\Debug\day24_8-5.pdb" /TLBID:1 /DYNAMICBASE /NXCOMPAT /IMPLIB:"D:\code\vs_code\shuati\day24_8-5\Debug\day24_8-5.lib" /MACHINE:X86 Debug\test.obj
         day24_8-5.vcxproj -> D:\code\vs_code\shuati\day24_8-5\Debug\day24_8-5.exe
       Manifest:
         C:\Program Files (x86)\Microsoft SDKs\Windows\v7.0A\bin\mt.exe /nologo /verbose /outputresource:"D:\code\vs_code\shuati\day24_8-5\Debug\day24_8-5.exe;#1" /manifest "Debug\day24_8-5.exe.intermediate.manifest"
       FinalizeBuildStatus:
         正在删除文件“Debug\day24_8-5.unsuccessfulbuild”。
         正在对“Debug\day24_8-5.lastbuildstate”执行 Touch 任务。
     1>已完成生成项目“D:\code\vs_code\shuati\day24_8-5\day24_8-5\day24_8-5.vcxproj”(rebuild 个目标)的操作。

生成成功。

已用时间 00:00:03.62
